<?xml version="1.0" encoding="UTF-8"?>
<!-- Generated by org.testng.reporters.JUnitXMLReporter -->
<testsuite hostname="DESKTOP-BEA2ML9" ignored="0" name="Surefire test" tests="2" failures="1" timestamp="2022-06-08T13:08:05 IST" time="138.107" errors="0">
  <testcase name="runScenario" time="136.429" classname="io.cucumber.testng.AbstractTestNGCucumberTests"/>
  <testcase name="runScenario" time="136.506" classname="io.cucumber.testng.AbstractTestNGCucumberTests">
    <failure type="java.lang.AssertionError" message="expected [Beetroot] but found [No data]">
      <![CDATA[java.lang.AssertionError: expected [Beetroot] but found [No data]
at stepDefinitions.OfferPagestepDefinition.Validate_product_name_in_offers(OfferPagestepDefinition.java:39)
at ✽.Validate product name in offers page matched with Landing Page(file:///C:/Users/Carthik/eclipse-workspace/TRAINING/Cucumber_FrameWork/src/test/java/features/searchproduct.feature:7)
... Removed 6 stack frames]]>
    </failure>
  </testcase> <!-- runScenario -->
</testsuite> <!-- Surefire test -->
