<?xml version="1.0" encoding="UTF-8"?>
<testsuite xmlns:xsi="http://www.w3.org/2001/XMLSchema-instance" xsi:noNamespaceSchemaLocation="https://maven.apache.org/surefire/maven-surefire-plugin/xsd/surefire-test-report.xsd" name="TestSuite" time="139.019" tests="2" errors="0" skipped="0" failures="1">
  <properties>
[...]
</properties>
  <testcase name="runScenario" classname="cucumberOptions.TestNGTestRunner" time="136.43"/>
  <testcase name="runScenario" classname="cucumberOptions.TestNGTestRunner" time="136.51">
    <failure message="expected [Beetroot] but found [No data]" type="java.lang.AssertionError">java.lang.AssertionError: expected [Beetroot] but found [No data]
</failure>
  </testcase>
</testsuite>