<?xml version="1.0" encoding="UTF-8"?>
<!-- Generated by org.testng.reporters.JUnitReportReporter -->
<testsuite skipped="0" hostname="DESKTOP-BEA2ML9" name="cucumberOptions.TestNGTestRunner" tests="2" failures="1" timestamp="2022-06-08T13:08:05 IST" time="272.935" errors="0">
  <testcase name="runScenario" time="136.429" classname="cucumberOptions.TestNGTestRunner"/>
  <system-out/>
  <testcase name="runScenario" time="136.506" classname="cucumberOptions.TestNGTestRunner">
    <failure type="java.lang.AssertionError" message="expected [Beetroot] but found [No data]">
      <![CDATA[java.lang.AssertionError: expected [Beetroot] but found [No data]
at org.testng.Assert.fail(Assert.java:110)
at org.testng.Assert.failNotEquals(Assert.java:1413)
at org.testng.Assert.assertEqualsImpl(Assert.java:149)
at org.testng.Assert.assertEquals(Assert.java:131)
at org.testng.Assert.assertEquals(Assert.java:655)
at org.testng.Assert.assertEquals(Assert.java:665)
at stepDefinitions.OfferPagestepDefinition.Validate_product_name_in_offers(OfferPagestepDefinition.java:39)
at ✽.Validate product name in offers page matched with Landing Page(file:///C:/Users/Carthik/eclipse-workspace/TRAINING/Cucumber_FrameWork/src/test/java/features/searchproduct.feature:7)
]]>
    </failure>
  </testcase> <!-- runScenario -->
  <system-out/>
</testsuite> <!-- cucumberOptions.TestNGTestRunner -->
